<?xml version="1.0" encoding="UTF-8" ?>
<testsuite errors="0" failures="0" hostname="ranjeethv" name="Test.AllTests" skipped="0" tests="2" time="42.136" timestamp="2014-09-09T12:01:16">
  <properties>
[...]
</properties>
  <testcase classname="Test.Gmail" name="test" time="13.895" />
  <testcase classname="Test.Yahoo" name="test" time="28.044" />
  <system-out><![CDATA[Gmail
Yahoo India
]]></system-out>
  <system-err><![CDATA[log4j:WARN No appenders could be found for logger (org.apache.http.client.protocol.RequestAddCookies).
log4j:WARN Please initialize the log4j system properly.
log4j:WARN See http://logging.apache.org/log4j/1.2/faq.html#noconfig for more info.
]]></system-err>
</testsuite>
